app/build/outputs/logs/manifest-merger-debug-report.txt
-- Merging decision tree log ---
manifest
ADDED from src\main\AndroidManifest.xml:2:1-170:12
	package
		ADDED from src\main\AndroidManifest.xml:3:5-35
		INJECTED from src\main\AndroidManifest.xml
		INJECTED from src\main\AndroidManifest.xml
	android:versionName
		ADDED from src\main\AndroidManifest.xml:5:5-32
		INJECTED from src\main\AndroidManifest.xml
		INJECTED from src\main\AndroidManifest.xml
	android:versionCode
		ADDED from src\main\AndroidManifest.xml:4:5-31
		INJECTED from src\main\AndroidManifest.xml
		INJECTED from src\main\AndroidManifest.xml
	xmlns:android
		ADDED from src\main\AndroidManifest.xml:2:11-69
uses-sdk
ADDED from src\main\AndroidManifest.xml:8:5-10:41
MERGED from [com.android.support:support-v4:23.4.0] AndroidManifest.xml:20:5-43
	android:targetSdkVersion
		ADDED from src\main\AndroidManifest.xml:10:9-38
		INJECTED from src\main\AndroidManifest.xml
		INJECTED from src\main\AndroidManifest.xml
	android:minSdkVersion
		ADDED from src\main\AndroidManifest.xml:9:9-35
		INJECTED from src\main\AndroidManifest.xml
		INJECTED from src\main\AndroidManifest.xml
uses-feature#0x00020000
ADDED from src\main\AndroidManifest.xml:11:2-64
	android:glEsVersion
		ADDED from src\main\AndroidManifest.xml:11:16-48
uses-feature#android.hardware.camera
ADDED from src\main\AndroidManifest.xml:13:5-60
	android:name
		ADDED from src\main\AndroidManifest.xml:13:19-57
uses-feature#android.hardware.autofocus
ADDED from src\main\AndroidManifest.xml:14:5-63
	android:name
		ADDED from src\main\AndroidManifest.xml:14:19-60
uses-permission#android.permission.CAMERA
ADDED from src\main\AndroidManifest.xml:16:5-65
	android:name
		ADDED from src\main\AndroidManifest.xml:16:22-62
uses-permission#android.permission.FLASHLIGHT
ADDED from src\main\AndroidManifest.xml:17:5-69
	android:name
		ADDED from src\main\AndroidManifest.xml:17:22-66
uses-permission#android.permission.RECORD_AUDIO
ADDED from src\main\AndroidManifest.xml:18:5-71
	android:name
		ADDED from src\main\AndroidManifest.xml:18:22-68
uses-permission#android.permission.WAKE_LOCK
ADDED from src\main\AndroidManifest.xml:19:5-68
	android:name
		ADDED from src\main\AndroidManifest.xml:19:22-65
uses-permission#android.permission.WRITE_EXTERNAL_STORAGE
ADDED from src\main\AndroidManifest.xml:20:5-81
	android:name
		ADDED from src\main\AndroidManifest.xml:20:22-78
uses-permission#android.permission.MODIFY_AUDIO_SETTINGS
ADDED from src\main\AndroidManifest.xml:21:5-80
	android:name
		ADDED from src\main\AndroidManifest.xml:21:22-77
permission#android.permission.FLASHLIGHT
ADDED from src\main\AndroidManifest.xml:25:5-28:44
	android:protectionLevel
		ADDED from src\main\AndroidManifest.xml:28:9-41
	android:permissionGroup
		ADDED from src\main\AndroidManifest.xml:27:9-77
	android:name
		ADDED from src\main\AndroidManifest.xml:26:9-53
uses-feature#android.hardware.camera.front
ADDED from src\main\AndroidManifest.xml:31:5-33:36
	android:required
		ADDED from src\main\AndroidManifest.xml:33:9-33
	android:name
		ADDED from src\main\AndroidManifest.xml:32:9-53
application
ADDED from src\main\AndroidManifest.xml:35:5-168:19
MERGED from [com.android.support:support-v4:23.4.0] AndroidManifest.xml:22:5-20
	android:label
		ADDED from src\main\AndroidManifest.xml:39:9-41
	android:allowBackup
		ADDED from src\main\AndroidManifest.xml:36:9-35
	android:icon
		ADDED from src\main\AndroidManifest.xml:37:9-45
	android:largeHeap
		ADDED from src\main\AndroidManifest.xml:38:9-33
	android:theme
		ADDED from src\main\AndroidManifest.xml:40:9-40
activity#com.example.advanceDemo.StartActivity
ADDED from src\main\AndroidManifest.xml:42:9-51:21
	android:theme
		ADDED from src\main\AndroidManifest.xml:43:13-45
	android:name
		ADDED from src\main\AndroidManifest.xml:42:19-71
intent-filter#android.intent.action.MAIN+android.intent.category.LAUNCHER
ADDED from src\main\AndroidManifest.xml:45:13-49:29
action#android.intent.action.MAIN
ADDED from src\main\AndroidManifest.xml:46:17-69
	android:name
		ADDED from src\main\AndroidManifest.xml:46:25-66
category#android.intent.category.LAUNCHER
ADDED from src\main\AndroidManifest.xml:48:17-77
	android:name
		ADDED from src\main\AndroidManifest.xml:48:27-74
activity#com.example.advanceDemo.MainActivity
ADDED from src\main\AndroidManifest.xml:53:9-58:20
	android:name
		ADDED from src\main\AndroidManifest.xml:54:13-64
activity#com.example.advanceDemo.VideoLayerTwoRealTimeActivity
ADDED from src\main\AndroidManifest.xml:62:9-99
	android:name
		ADDED from src\main\AndroidManifest.xml:62:19-87
activity#com.example.advanceDemo.FilterDemoRealTimeActivity
ADDED from src\main\AndroidManifest.xml:65:9-96
	android:name
		ADDED from src\main\AndroidManifest.xml:65:19-84
activity#com.example.advanceDemo.BitmapLayerMarkActivity
ADDED from src\main\AndroidManifest.xml:67:9-93
	android:name
		ADDED from src\main\AndroidManifest.xml:67:19-81
activity#com.example.advanceDemo.FilterRealTimeActivity
ADDED from src\main\AndroidManifest.xml:69:9-92
	android:name
		ADDED from src\main\AndroidManifest.xml:69:19-80
activity#com.example.advanceDemo.DrawPadHintActivity
ADDED from src\main\AndroidManifest.xml:70:9-89
	android:name
		ADDED from src\main\AndroidManifest.xml:70:19-77
activity#com.example.advanceDemo.VideoLayerRealTimeActivity
ADDED from src\main\AndroidManifest.xml:71:9-96
	android:name
		ADDED from src\main\AndroidManifest.xml:71:19-84
activity#com.example.advanceDemo.PictureSetRealTimeActivity
ADDED from src\main\AndroidManifest.xml:72:9-96
	android:name
		ADDED from src\main\AndroidManifest.xml:72:19-84
activity#com.example.advanceDemo.VideoPlayerActivity
ADDED from src\main\AndroidManifest.xml:73:9-89
	android:name
		ADDED from src\main\AndroidManifest.xml:73:19-77
activity#com.example.advanceDemo.ExecuteVideoLayerDemoActivity
ADDED from src\main\AndroidManifest.xml:76:9-99
	android:name
		ADDED from src\main\AndroidManifest.xml:76:19-87
activity#com.example.advanceDemo.ExecuteFilterDemoActivity
ADDED from src\main\AndroidManifest.xml:77:9-95
	android:name
		ADDED from src\main\AndroidManifest.xml:77:19-83
activity#com.example.advanceDemo.ExtractVideoFrameDemoActivity
ADDED from src\main\AndroidManifest.xml:79:9-99
	android:name
		ADDED from src\main\AndroidManifest.xml:79:19-87
activity#com.example.advanceDemo.TestDelete
ADDED from src\main\AndroidManifest.xml:81:11-82:83
	android:theme
		ADDED from src\main\AndroidManifest.xml:82:13-71
	android:name
		ADDED from src\main\AndroidManifest.xml:81:21-70
activity#com.example.advanceDemo.CanvasLayerDemoActivity
ADDED from src\main\AndroidManifest.xml:85:11-95
	android:name
		ADDED from src\main\AndroidManifest.xml:85:21-83
activity#com.example.advanceDemo.CameraMaskLayerDemoActivity
ADDED from src\main\AndroidManifest.xml:86:8-88:19
	android:screenOrientation
		ADDED from src\main\AndroidManifest.xml:87:12-48
	android:name
		ADDED from src\main\AndroidManifest.xml:86:18-84
activity#com.example.advanceDemo.CameraLayerFullPortActivity
ADDED from src\main\AndroidManifest.xml:90:8-94:19
	android:screenOrientation
		ADDED from src\main\AndroidManifest.xml:91:13-49
	android:theme
		ADDED from src\main\AndroidManifest.xml:92:13-71
	android:name
		ADDED from src\main\AndroidManifest.xml:90:18-84
activity#com.example.advanceDemo.CameraLayerFullSegment
ADDED from src\main\AndroidManifest.xml:96:8-100:19
	android:screenOrientation
		ADDED from src\main\AndroidManifest.xml:97:13-49
	android:theme
		ADDED from src\main\AndroidManifest.xml:98:13-71
	android:name
		ADDED from src\main\AndroidManifest.xml:96:18-79
activity#com.example.advanceDemo.CameraLayerFullLandscapeActivity
ADDED from src\main\AndroidManifest.xml:102:10-106:19
	android:screenOrientation
		ADDED from src\main\AndroidManifest.xml:103:13-50
	android:theme
		ADDED from src\main\AndroidManifest.xml:104:13-71
	android:name
		ADDED from src\main\AndroidManifest.xml:102:20-91
activity#com.example.advanceDemo.CameraLayerDemoActivity
ADDED from src\main\AndroidManifest.xml:109:9-111:19
	android:screenOrientation
		ADDED from src\main\AndroidManifest.xml:110:12-48
	android:name
		ADDED from src\main\AndroidManifest.xml:109:19-81
activity#com.example.advanceDemo.TestRecordCamMaskLayerActivity
ADDED from src\main\AndroidManifest.xml:117:9-119:19
	android:screenOrientation
		ADDED from src\main\AndroidManifest.xml:118:12-48
	android:name
		ADDED from src\main\AndroidManifest.xml:117:19-88
activity#com.example.advanceDemo.FilterExecuteActivity
ADDED from src\main\AndroidManifest.xml:124:9-91
	android:name
		ADDED from src\main\AndroidManifest.xml:124:19-79
activity#com.example.advanceDemo.FileExplorerActivity
ADDED from src\main\AndroidManifest.xml:126:9-127:57
	android:label
		ADDED from src\main\AndroidManifest.xml:127:9-45
	android:name
		ADDED from src\main\AndroidManifest.xml:126:19-78
activity#com.example.advanceDemo.ExecuteBitmapLayerActivity
ADDED from src\main\AndroidManifest.xml:130:9-96
	android:name
		ADDED from src\main\AndroidManifest.xml:130:19-84
activity#com.example.advanceDemo.ViewLayerDemoActivity
ADDED from src\main\AndroidManifest.xml:131:9-91
	android:name
		ADDED from src\main\AndroidManifest.xml:131:19-79
activity#com.example.advanceDemo.ViewLayerOnlyRealTimeActivity
ADDED from src\main\AndroidManifest.xml:133:9-99
	android:name
		ADDED from src\main\AndroidManifest.xml:133:19-87
activity#com.example.advanceDemo.MVLayerDemoActivity
ADDED from src\main\AndroidManifest.xml:136:9-89
	android:name
		ADDED from src\main\AndroidManifest.xml:136:19-77
activity#com.example.advanceDemo.TestMVLayerExecuteActivity
ADDED from src\main\AndroidManifest.xml:137:9-96
	android:name
		ADDED from src\main\AndroidManifest.xml:137:19-84
activity#com.example.advanceDemo.VideoLayerAutoUpdateDemoActivity
ADDED from src\main\AndroidManifest.xml:138:11-104
	android:name
		ADDED from src\main\AndroidManifest.xml:138:21-92
activity#com.example.advanceDemo.TestCameraLayerDemoActivity
ADDED from src\main\AndroidManifest.xml:141:11-99
	android:name
		ADDED from src\main\AndroidManifest.xml:141:21-87
activity#com.example.advanceDemo.InsertAudioDemoActivity
ADDED from src\main\AndroidManifest.xml:143:14-98
	android:name
		ADDED from src\main\AndroidManifest.xml:143:24-86
activity#com.example.advanceDemo.CopyOfCanvasLayerDemoActivity
ADDED from src\main\AndroidManifest.xml:145:16-106
	android:name
		ADDED from src\main\AndroidManifest.xml:145:26-94
activity#com.example.advanceDemo.CameraRecordDemoActivity
ADDED from src\main\AndroidManifest.xml:148:11-96
	android:name
		ADDED from src\main\AndroidManifest.xml:148:21-84
activity#com.example.advanceDemo.CameraLayerSegmentDemoActivity
ADDED from src\main\AndroidManifest.xml:150:10-152:22
	android:theme
		ADDED from src\main\AndroidManifest.xml:151:16-48
	android:name
		ADDED from src\main\AndroidManifest.xml:150:20-89
activity#com.example.advanceDemo.ExecuteRandomDemoActivity
ADDED from src\main\AndroidManifest.xml:154:9-95
	android:name
		ADDED from src\main\AndroidManifest.xml:154:19-83
activity#com.example.advanceDemo.SegmentRecorderActivity
ADDED from src\main\AndroidManifest.xml:158:11-160:22
	android:theme
		ADDED from src\main\AndroidManifest.xml:159:19-51
	android:name
		ADDED from src\main\AndroidManifest.xml:158:21-83
activity#com.example.commonDemo.CommonDemoActivity
ADDED from src\main\AndroidManifest.xml:163:13-91
	android:name
		ADDED from src\main\AndroidManifest.xml:163:23-79
activity#com.example.commonDemo.MediaInfoActivity
ADDED from src\main\AndroidManifest.xml:164:10-87
	android:name
		ADDED from src\main\AndroidManifest.xml:164:20-75
activity#com.example.commonDemo.AVEditorDemoActivity
ADDED from src\main\AndroidManifest.xml:165:10-80
	android:name
		ADDED from src\main\AndroidManifest.xml:165:20-78
activity#com.example.commonDemo.ScaleExecuteDemoActivity
ADDED from src\main\AndroidManifest.xml:166:10-84
	android:name
		ADDED from src\main\AndroidManifest.xml:166:20-82